<?xml version="1.0" encoding="UTF-8"?>
<coverage generated="1614979965205" clover="3.2.0">
  <project timestamp="1614979965205" name="All files">
    <metrics statements="40" coveredstatements="36" conditionals="12" coveredconditionals="11" methods="10" coveredmethods="10" elements="62" coveredelements="57" complexity="0" loc="40" ncloc="40" packages="2" files="2" classes="2"/>
    <package name="server">
      <metrics statements="19" coveredstatements="16" conditionals="8" coveredconditionals="8" methods="1" coveredmethods="1"/>
      <file name="index.js" path="/Users/jonathanlasley/Coding/code-challenge/server/index.js">
        <metrics statements="19" coveredstatements="16" conditionals="8" coveredconditionals="8" methods="1" coveredmethods="1"/>
        <line num="1" count="1" type="stmt"/>
        <line num="2" count="1" type="stmt"/>
        <line num="4" count="1" type="stmt"/>
        <line num="5" count="3" type="cond" truecount="4" falsecount="0"/>
        <line num="6" count="2" type="stmt"/>
        <line num="7" count="2" type="stmt"/>
        <line num="8" count="2" type="stmt"/>
        <line num="9" count="2" type="stmt"/>
        <line num="11" count="2" type="stmt"/>
        <line num="12" count="2" type="stmt"/>
        <line num="13" count="2" type="stmt"/>
        <line num="14" count="2" type="stmt"/>
        <line num="16" count="0" type="stmt"/>
        <line num="17" count="0" type="stmt"/>
        <line num="18" count="0" type="stmt"/>
        <line num="21" count="3" type="cond" truecount="4" falsecount="0"/>
        <line num="22" count="1" type="stmt"/>
        <line num="24" count="3" type="stmt"/>
        <line num="27" count="1" type="stmt"/>
      </file>
    </package>
    <package name="utils">
      <metrics statements="21" coveredstatements="20" conditionals="4" coveredconditionals="3" methods="9" coveredmethods="9"/>
      <file name="index.js" path="/Users/jonathanlasley/Coding/code-challenge/utils/index.js">
        <metrics statements="21" coveredstatements="20" conditionals="4" coveredconditionals="3" methods="9" coveredmethods="9"/>
        <line num="1" count="2" type="stmt"/>
        <line num="3" count="2" type="stmt"/>
        <line num="4" count="6" type="stmt"/>
        <line num="5" count="72" type="stmt"/>
        <line num="9" count="72" type="stmt"/>
        <line num="10" count="2614" type="cond" truecount="2" falsecount="0"/>
        <line num="11" count="76" type="stmt"/>
        <line num="13" count="2614" type="stmt"/>
        <line num="14" count="72" type="stmt"/>
        <line num="16" count="6" type="stmt"/>
        <line num="19" count="2" type="stmt"/>
        <line num="20" count="9" type="stmt"/>
        <line num="21" count="9" type="stmt"/>
        <line num="22" count="6" type="cond" truecount="1" falsecount="1"/>
        <line num="23" count="6" type="stmt"/>
        <line num="24" count="6" type="stmt"/>
        <line num="25" count="6" type="stmt"/>
        <line num="26" count="6" type="stmt"/>
        <line num="27" count="6" type="stmt"/>
        <line num="28" count="6" type="stmt"/>
        <line num="30" count="0" type="stmt"/>
      </file>
    </package>
  </project>
</coverage>
