{"/Users/jonathanlasley/Coding/code-challenge/server/index.js": {"path":"/Users/jonathanlasley/Coding/code-challenge/server/index.js","statementMap":{"0":{"start":{"line":1,"column":13},"end":{"line":1,"column":28}},"1":{"start":{"line":2,"column":31},"end":{"line":2,"column":56}},"2":{"start":{"line":4,"column":15},"end":{"line":25,"column":2}},"3":{"start":{"line":5,"column":2},"end":{"line":20,"column":3}},"4":{"start":{"line":6,"column":4},"end":{"line":19,"column":5}},"5":{"start":{"line":7,"column":25},"end":{"line":7,"column":110}},"6":{"start":{"line":8,"column":27},"end":{"line":8,"column":114}},"7":{"start":{"line":9,"column":23},"end":{"line":9,"column":111}},"8":{"start":{"line":11,"column":19},"end":{"line":11,"column":83}},"9":{"start":{"line":12,"column":4},"end":{"line":12,"column":61}},"10":{"start":{"line":13,"column":4},"end":{"line":13,"column":38}},"11":{"start":{"line":14,"column":4},"end":{"line":14,"column":14}},"12":{"start":{"line":16,"column":6},"end":{"line":16,"column":25}},"13":{"start":{"line":17,"column":6},"end":{"line":17,"column":32}},"14":{"start":{"line":18,"column":6},"end":{"line":18,"column":16}},"15":{"start":{"line":21,"column":2},"end":{"line":23,"column":3}},"16":{"start":{"line":22,"column":4},"end":{"line":22,"column":23}},"17":{"start":{"line":24,"column":2},"end":{"line":24,"column":12}},"18":{"start":{"line":27,"column":0},"end":{"line":27,"column":24}}},"fnMap":{"0":{"name":"(anonymous_0)","decl":{"start":{"line":4,"column":33},"end":{"line":4,"column":34}},"loc":{"start":{"line":4,"column":53},"end":{"line":25,"column":1}},"line":4}},"branchMap":{"0":{"loc":{"start":{"line":5,"column":2},"end":{"line":20,"column":3}},"type":"if","locations":[{"start":{"line":5,"column":2},"end":{"line":20,"column":3}},{"start":{"line":5,"column":2},"end":{"line":20,"column":3}}],"line":5},"1":{"loc":{"start":{"line":5,"column":6},"end":{"line":5,"column":56}},"type":"binary-expr","locations":[{"start":{"line":5,"column":6},"end":{"line":5,"column":32}},{"start":{"line":5,"column":36},"end":{"line":5,"column":56}}],"line":5},"2":{"loc":{"start":{"line":21,"column":2},"end":{"line":23,"column":3}},"type":"if","locations":[{"start":{"line":21,"column":2},"end":{"line":23,"column":3}},{"start":{"line":21,"column":2},"end":{"line":23,"column":3}}],"line":21},"3":{"loc":{"start":{"line":21,"column":6},"end":{"line":21,"column":56}},"type":"binary-expr","locations":[{"start":{"line":21,"column":6},"end":{"line":21,"column":32}},{"start":{"line":21,"column":36},"end":{"line":21,"column":56}}],"line":21}},"s":{"0":1,"1":1,"2":1,"3":3,"4":2,"5":2,"6":2,"7":2,"8":2,"9":2,"10":2,"11":2,"12":0,"13":0,"14":0,"15":3,"16":1,"17":3,"18":1},"f":{"0":3},"b":{"0":[2,1],"1":[3,3],"2":[1,2],"3":[3,3]},"_coverageSchema":"1a1c01bbd47fc00a2c39e90264f33305004495a9","hash":"7a043c1b40c18a702cc73f75f9c0f630420a8e0b"}
,"/Users/jonathanlasley/Coding/code-challenge/utils/index.js": {"path":"/Users/jonathanlasley/Coding/code-challenge/utils/index.js","statementMap":{"0":{"start":{"line":1,"column":14},"end":{"line":1,"column":30}},"1":{"start":{"line":3,"column":0},"end":{"line":17,"column":1}},"2":{"start":{"line":4,"column":19},"end":{"line":15,"column":4}},"3":{"start":{"line":5,"column":19},"end":{"line":8,"column":5}},"4":{"start":{"line":9,"column":4},"end":{"line":13,"column":21}},"5":{"start":{"line":10,"column":6},"end":{"line":12,"column":7}},"6":{"start":{"line":11,"column":8},"end":{"line":11,"column":18}},"7":{"start":{"line":13,"column":19},"end":{"line":13,"column":20}},"8":{"start":{"line":14,"column":4},"end":{"line":14,"column":18}},"9":{"start":{"line":16,"column":2},"end":{"line":16,"column":18}},"10":{"start":{"line":19,"column":0},"end":{"line":35,"column":1}},"11":{"start":{"line":20,"column":2},"end":{"line":34,"column":4}},"12":{"start":{"line":21,"column":4},"end":{"line":33,"column":6}},"13":{"start":{"line":22,"column":6},"end":{"line":22,"column":27}},"14":{"start":{"line":22,"column":15},"end":{"line":22,"column":27}},"15":{"start":{"line":23,"column":6},"end":{"line":23,"column":30}},"16":{"start":{"line":24,"column":17},"end":{"line":24,"column":19}},"17":{"start":{"line":25,"column":6},"end":{"line":25,"column":51}},"18":{"start":{"line":25,"column":34},"end":{"line":25,"column":47}},"19":{"start":{"line":26,"column":6},"end":{"line":32,"column":8}},"20":{"start":{"line":27,"column":8},"end":{"line":31,"column":9}},"21":{"start":{"line":28,"column":10},"end":{"line":28,"column":36}},"22":{"start":{"line":30,"column":10},"end":{"line":30,"column":22}}},"fnMap":{"0":{"name":"(anonymous_0)","decl":{"start":{"line":3,"column":22},"end":{"line":3,"column":23}},"loc":{"start":{"line":3,"column":47},"end":{"line":17,"column":1}},"line":3},"1":{"name":"(anonymous_1)","decl":{"start":{"line":4,"column":31},"end":{"line":4,"column":32}},"loc":{"start":{"line":4,"column":41},"end":{"line":15,"column":3}},"line":4},"2":{"name":"(anonymous_2)","decl":{"start":{"line":9,"column":39},"end":{"line":9,"column":40}},"loc":{"start":{"line":9,"column":57},"end":{"line":13,"column":5}},"line":9},"3":{"name":"(anonymous_3)","decl":{"start":{"line":13,"column":14},"end":{"line":13,"column":15}},"loc":{"start":{"line":13,"column":19},"end":{"line":13,"column":20}},"line":13},"4":{"name":"(anonymous_4)","decl":{"start":{"line":19,"column":30},"end":{"line":19,"column":31}},"loc":{"start":{"line":19,"column":48},"end":{"line":35,"column":1}},"line":19},"5":{"name":"(anonymous_5)","decl":{"start":{"line":20,"column":21},"end":{"line":20,"column":22}},"loc":{"start":{"line":20,"column":42},"end":{"line":34,"column":3}},"line":20},"6":{"name":"(anonymous_6)","decl":{"start":{"line":21,"column":19},"end":{"line":21,"column":20}},"loc":{"start":{"line":21,"column":33},"end":{"line":33,"column":5}},"line":21},"7":{"name":"(anonymous_7)","decl":{"start":{"line":25,"column":21},"end":{"line":25,"column":22}},"loc":{"start":{"line":25,"column":32},"end":{"line":25,"column":49}},"line":25},"8":{"name":"(anonymous_8)","decl":{"start":{"line":26,"column":20},"end":{"line":26,"column":21}},"loc":{"start":{"line":26,"column":26},"end":{"line":32,"column":7}},"line":26}},"branchMap":{"0":{"loc":{"start":{"line":10,"column":6},"end":{"line":12,"column":7}},"type":"if","locations":[{"start":{"line":10,"column":6},"end":{"line":12,"column":7}},{"start":{"line":10,"column":6},"end":{"line":12,"column":7}}],"line":10},"1":{"loc":{"start":{"line":22,"column":6},"end":{"line":22,"column":27}},"type":"if","locations":[{"start":{"line":22,"column":6},"end":{"line":22,"column":27}},{"start":{"line":22,"column":6},"end":{"line":22,"column":27}}],"line":22}},"s":{"0":2,"1":2,"2":6,"3":72,"4":72,"5":2614,"6":76,"7":2614,"8":72,"9":6,"10":2,"11":9,"12":9,"13":6,"14":0,"15":6,"16":6,"17":6,"18":6,"19":6,"20":6,"21":6,"22":0},"f":{"0":6,"1":72,"2":2614,"3":2614,"4":9,"5":9,"6":6,"7":6,"8":6},"b":{"0":[76,2538],"1":[0,6]},"_coverageSchema":"1a1c01bbd47fc00a2c39e90264f33305004495a9","hash":"f991e996d623122c4b1092bbf80b9acb88f631f6"}
}
