TN:
SF:server/index.js
FN:4,(anonymous_0)
FNF:1
FNH:1
FNDA:3,(anonymous_0)
DA:1,1
DA:2,1
DA:4,1
DA:5,3
DA:6,2
DA:7,2
DA:8,2
DA:9,2
DA:11,2
DA:12,2
DA:13,2
DA:14,2
DA:16,0
DA:17,0
DA:18,0
DA:21,3
DA:22,1
DA:24,3
DA:27,1
LF:19
LH:16
BRDA:5,0,0,2
BRDA:5,0,1,1
BRDA:5,1,0,3
BRDA:5,1,1,3
BRDA:21,2,0,1
BRDA:21,2,1,2
BRDA:21,3,0,3
BRDA:21,3,1,3
BRF:8
BRH:8
end_of_record
TN:
SF:utils/index.js
FN:3,(anonymous_0)
FN:4,(anonymous_1)
FN:9,(anonymous_2)
FN:13,(anonymous_3)
FN:19,(anonymous_4)
FN:20,(anonymous_5)
FN:21,(anonymous_6)
FN:25,(anonymous_7)
FN:26,(anonymous_8)
FNF:9
FNH:9
FNDA:6,(anonymous_0)
FNDA:72,(anonymous_1)
FNDA:2614,(anonymous_2)
FNDA:2614,(anonymous_3)
FNDA:9,(anonymous_4)
FNDA:9,(anonymous_5)
FNDA:6,(anonymous_6)
FNDA:6,(anonymous_7)
FNDA:6,(anonymous_8)
DA:1,2
DA:3,2
DA:4,6
DA:5,72
DA:9,72
DA:10,2614
DA:11,76
DA:13,2614
DA:14,72
DA:16,6
DA:19,2
DA:20,9
DA:21,9
DA:22,6
DA:23,6
DA:24,6
DA:25,6
DA:26,6
DA:27,6
DA:28,6
DA:30,0
LF:21
LH:20
BRDA:10,0,0,76
BRDA:10,0,1,2538
BRDA:22,1,0,0
BRDA:22,1,1,6
BRF:4
BRH:3
end_of_record
